<?xml version="1.0" encoding="UTF-8"?>
<!-- Generated by org.testng.reporters.JUnitXMLReporter -->
<testsuite hostname="BDC6-DX-6FR5NK2" name="Default test" tests="2" failures="0" timestamp="30 Aug 2019 09:44:34 GMT" time="38.915" errors="0">
  <testcase name="testRegistraion" time="23.838" classname="selenium_testng2.Extentreports_Sel"/>
  <testcase name="testLogin" time="0.0" classname="selenium_testng2.Extentreports_Sel">
    <skipped/>
  </testcase> <!-- testLogin -->
</testsuite> <!-- Default test -->
