<?xml version="1.0" encoding="UTF-8"?>
<testng-results skipped="1" failed="0" total="2" passed="1">
  <reporter-output>
  </reporter-output>
  <suite name="Default suite" duration-ms="38915" started-at="2019-08-30T09:43:55Z" finished-at="2019-08-30T09:44:33Z">
    <groups>
    </groups>
    <test name="Default test" duration-ms="38915" started-at="2019-08-30T09:43:55Z" finished-at="2019-08-30T09:44:33Z">
      <class name="selenium_testng2.Extentreports_Sel">
        <test-method status="PASS" signature="startReport()[pri:0, instance:selenium_testng2.Extentreports_Sel@5b275dab]" name="startReport" is-config="true" duration-ms="14521" started-at="2019-08-30T15:13:55Z" finished-at="2019-08-30T15:14:09Z">
          <reporter-output>
          </reporter-output>
        </test-method> <!-- startReport -->
        <test-method status="PASS" signature="testRegistraion()[pri:1, instance:selenium_testng2.Extentreports_Sel@5b275dab]" name="testRegistraion" duration-ms="23838" started-at="2019-08-30T15:14:09Z" finished-at="2019-08-30T15:14:33Z">
          <reporter-output>
          </reporter-output>
        </test-method> <!-- testRegistraion -->
        <test-method status="PASS" signature="getResult(org.testng.ITestResult)[pri:0, instance:selenium_testng2.Extentreports_Sel@5b275dab]" name="getResult" is-config="true" duration-ms="14" started-at="2019-08-30T15:14:33Z" finished-at="2019-08-30T15:14:33Z">
          <params>
            <param index="0">
              <value>
                <![CDATA[[TestResult name=testRegistraion status=SUCCESS method=Extentreports_Sel.testRegistraion()[pri:1, instance:selenium_testng2.Extentreports_Sel@5b275dab] output={null}]]]>
              </value>
            </param>
          </params>
          <reporter-output>
          </reporter-output>
        </test-method> <!-- getResult -->
        <test-method status="SKIP" signature="testLogin(java.lang.String, java.lang.String)[pri:2, instance:selenium_testng2.Extentreports_Sel@5b275dab]" name="testLogin" duration-ms="0" started-at="2019-08-30T15:14:33Z" finished-at="2019-08-30T15:14:33Z">
          <exception class="org.testng.TestNGException">
            <message>
              <![CDATA[
Method testLogin requires 2 parameters but 0 were supplied in the @Test annotation.]]>
            </message>
            <full-stacktrace>
              <![CDATA[org.testng.TestNGException: 
Method testLogin requires 2 parameters but 0 were supplied in the @Test annotation.
	at org.testng.internal.Parameters.checkParameterTypes(Parameters.java:193)
	at org.testng.internal.Parameters.createParameters(Parameters.java:129)
	at org.testng.internal.Parameters.createParameters(Parameters.java:378)
	at org.testng.internal.Parameters.handleParameters(Parameters.java:488)
	at org.testng.internal.Invoker.handleParameters(Invoker.java:1240)
	at org.testng.internal.Invoker.createParameters(Invoker.java:980)
	at org.testng.internal.Invoker.invokeTestMethods(Invoker.java:1070)
	at org.testng.internal.TestMethodWorker.invokeTestMethods(TestMethodWorker.java:129)
	at org.testng.internal.TestMethodWorker.run(TestMethodWorker.java:112)
	at org.testng.TestRunner.privateRun(TestRunner.java:746)
	at org.testng.TestRunner.run(TestRunner.java:600)
	at org.testng.SuiteRunner.runTest(SuiteRunner.java:366)
	at org.testng.SuiteRunner.runSequentially(SuiteRunner.java:361)
	at org.testng.SuiteRunner.privateRun(SuiteRunner.java:319)
	at org.testng.SuiteRunner.run(SuiteRunner.java:268)
	at org.testng.SuiteRunnerWorker.runSuite(SuiteRunnerWorker.java:52)
	at org.testng.SuiteRunnerWorker.run(SuiteRunnerWorker.java:86)
	at org.testng.TestNG.runSuitesSequentially(TestNG.java:1264)
	at org.testng.TestNG.runSuitesLocally(TestNG.java:1189)
	at org.testng.TestNG.runSuites(TestNG.java:1104)
	at org.testng.TestNG.run(TestNG.java:1076)
	at org.testng.remote.AbstractRemoteTestNG.run(AbstractRemoteTestNG.java:126)
	at org.testng.remote.RemoteTestNG.initAndRun(RemoteTestNG.java:152)
	at org.testng.remote.RemoteTestNG.main(RemoteTestNG.java:57)
]]>
            </full-stacktrace>
          </exception> <!-- org.testng.TestNGException -->
          <reporter-output>
          </reporter-output>
        </test-method> <!-- testLogin -->
        <test-method status="PASS" signature="endReport()[pri:0, instance:selenium_testng2.Extentreports_Sel@5b275dab]" name="endReport" is-config="true" duration-ms="518" started-at="2019-08-30T15:14:33Z" finished-at="2019-08-30T15:14:33Z">
          <reporter-output>
          </reporter-output>
        </test-method> <!-- endReport -->
      </class> <!-- selenium_testng2.Extentreports_Sel -->
    </test> <!-- Default test -->
  </suite> <!-- Default suite -->
</testng-results>
